# JRE version: OpenJDK Runtime Environment Temurin-21.0.10+7 (21.0.10+7) (build 21.0.10+7-LTS)
# Java VM: OpenJDK 64-Bit Server VM Temurin-21.0.10+7 (21.0.10+7-LTS, mixed mode, sharing, tiered, compressed oops, compressed class ptrs, parallel gc, windows-amd64)
GC Precious Log:
 CardTable entry size: 512
 CPUs: 8 total, 8 available
 Memory: 3521M
 Large Page Support: Disabled
 NUMA Support: Disabled
 Compressed Oops: Enabled (32-bit)
 Alignments: Space 512K, Generation 512K, Heap 2M
 Heap Min Capacity: 100M
 Heap Initial Capacity: 100M
 Heap Max Capacity: 2G
 Pre-touch: Disabled
 Parallel Workers: 8
Heap:
 PSYoungGen      total 3072K, used 1648K [0x00000000d5580000, 0x00000000d5980000, 0x0000000100000000)
  eden space 2048K, 43% used [0x00000000d5580000,0x00000000d565c3c8,0x00000000d5780000)
  from space 1024K, 75% used [0x00000000d5880000,0x00000000d5940000,0x00000000d5980000)
  to   space 1024K, 0% used [0x00000000d5780000,0x00000000d5780000,0x00000000d5880000)
 ParOldGen       total 1340928K, used 1340923K [0x0000000080000000, 0x00000000d1d80000, 0x00000000d5580000)
  object space 1340928K, 99% used [0x0000000080000000,0x00000000d1d7ec98,0x00000000d1d80000)
 Metaspace       used 77078K, committed 78400K, reserved 1179648K
  class space    used 7534K, committed 8128K, reserved 1048576K
GC Heap History (20 events):
Event: 8340.269 GC heap before
{Heap before GC invocations=3997 (full 5):
 PSYoungGen      total 1536K, used 1499K [0x00000000d5580000, 0x00000000d5880000, 0x0000000100000000)
  eden space 1024K, 99% used [0x00000000d5580000,0x00000000d567e848,0x00000000d5680000)
  from space 512K, 94% used [0x00000000d5780000,0x00000000d57f85a0,0x00000000d5800000)
  to   space 1024K, 0% used [0x00000000d5680000,0x00000000d5680000,0x00000000d5780000)
 ParOldGen       total 1335296K, used 1335207K [0x0000000080000000, 0x00000000d1800000, 0x00000000d5580000)
  object space 1335296K, 99% used [0x0000000080000000,0x00000000d17e9fb8,0x00000000d1800000)
 Metaspace       used 77075K, committed 78400K, reserved 1179648K
  class space    used 7534K, committed 8128K, reserved 1048576K
}
Event: 8340.285 GC heap after
{Heap after GC invocations=3997 (full 5):
 PSYoungGen      total 2048K, used 576K [0x00000000d5580000, 0x00000000d5900000, 0x0000000100000000)
  eden space 1024K, 0% used [0x00000000d5580000,0x00000000d5580000,0x00000000d5680000)
  from space 1024K, 56% used [0x00000000d5680000,0x00000000d5710000,0x00000000d5780000)
  to   space 1024K, 0% used [0x00000000d5800000,0x00000000d5800000,0x00000000d5900000)
 ParOldGen       total 1335808K, used 1335504K [0x0000000080000000, 0x00000000d1880000, 0x00000000d5580000)
  object space 1335808K, 99% used [0x0000000080000000,0x00000000d1834298,0x00000000d1880000)
 Metaspace       used 77075K, committed 78400K, reserved 1179648K
  class space    used 7534K, committed 8128K, reserved 1048576K
}
Event: 8340.368 GC heap before
{Heap before GC invocations=3998 (full 5):
 PSYoungGen      total 2048K, used 1600K [0x00000000d5580000, 0x00000000d5900000, 0x0000000100000000)
  eden space 1024K, 100% used [0x00000000d5580000,0x00000000d5680000,0x00000000d5680000)
  from space 1024K, 56% used [0x00000000d5680000,0x00000000d5710000,0x00000000d5780000)
  to   space 1024K, 0% used [0x00000000d5800000,0x00000000d5800000,0x00000000d5900000)
 ParOldGen       total 1335808K, used 1335504K [0x0000000080000000, 0x00000000d1880000, 0x00000000d5580000)
  object space 1335808K, 99% used [0x0000000080000000,0x00000000d1834298,0x00000000d1880000)
 Metaspace       used 77075K, committed 78400K, reserved 1179648K
  class space    used 7534K, committed 8128K, reserved 1048576K
}
Event: 8340.379 GC heap after
{Heap after GC invocations=3998 (full 5):
 PSYoungGen      total 2048K, used 448K [0x00000000d5580000, 0x00000000d5880000, 0x0000000100000000)
  eden space 1536K, 0% used [0x00000000d5580000,0x00000000d5580000,0x00000000d5700000)
  from space 512K, 87% used [0x00000000d5800000,0x00000000d5870020,0x00000000d5880000)
  to   space 512K, 0% used [0x00000000d5780000,0x00000000d5780000,0x00000000d5800000)
 ParOldGen       total 1336320K, used 1335936K [0x0000000080000000, 0x00000000d1900000, 0x00000000d5580000)
  object space 1336320K, 99% used [0x0000000080000000,0x00000000d18a0298,0x00000000d1900000)
 Metaspace       used 77075K, committed 78400K, reserved 1179648K
  class space    used 7534K, committed 8128K, reserved 1048576K
}
Event: 8340.789 GC heap before
{Heap before GC invocations=3999 (full 5):
 PSYoungGen      total 2048K, used 1984K [0x00000000d5580000, 0x00000000d5880000, 0x0000000100000000)
  eden space 1536K, 100% used [0x00000000d5580000,0x00000000d5700000,0x00000000d5700000)
  from space 512K, 87% used [0x00000000d5800000,0x00000000d5870020,0x00000000d5880000)
  to   space 512K, 0% used [0x00000000d5780000,0x00000000d5780000,0x00000000d5800000)
 ParOldGen       total 1336320K, used 1335936K [0x0000000080000000, 0x00000000d1900000, 0x00000000d5580000)
  object space 1336320K, 99% used [0x0000000080000000,0x00000000d18a0298,0x00000000d1900000)
 Metaspace       used 77075K, committed 78400K, reserved 1179648K
  class space    used 7534K, committed 8128K, reserved 1048576K
}
Event: 8340.826 GC heap after
{Heap after GC invocations=3999 (full 5):
 PSYoungGen      total 2560K, used 512K [0x00000000d5580000, 0x00000000d5980000, 0x0000000100000000)
  eden space 2048K, 0% used [0x00000000d5580000,0x00000000d5580000,0x00000000d5780000)
  from space 512K, 100% used [0x00000000d5780000,0x00000000d5800000,0x00000000d5800000)
  to   space 1024K, 0% used [0x00000000d5880000,0x00000000d5880000,0x00000000d5980000)
 ParOldGen       total 1336832K, used 1336320K [0x0000000080000000, 0x00000000d1980000, 0x00000000d5580000)
  object space 1336832K, 99% used [0x0000000080000000,0x00000000d19002b8,0x00000000d1980000)
 Metaspace       used 77075K, committed 78400K, reserved 1179648K
  class space    used 7534K, committed 8128K, reserved 1048576K
}
Event: 8341.531 GC heap before
{Heap before GC invocations=4000 (full 5):
 PSYoungGen      total 2560K, used 2560K [0x00000000d5580000, 0x00000000d5980000, 0x0000000100000000)
  eden space 2048K, 100% used [0x00000000d5580000,0x00000000d5780000,0x00000000d5780000)
  from space 512K, 100% used [0x00000000d5780000,0x00000000d5800000,0x00000000d5800000)
  to   space 1024K, 0% used [0x00000000d5880000,0x00000000d5880000,0x00000000d5980000)
 ParOldGen       total 1336832K, used 1336320K [0x0000000080000000, 0x00000000d1980000, 0x00000000d5580000)
  object space 1336832K, 99% used [0x0000000080000000,0x00000000d19002b8,0x00000000d1980000)
 Metaspace       used 77075K, committed 78400K, reserved 1179648K
  class space    used 7534K, committed 8128K, reserved 1048576K
}
Event: 8341.549 GC heap after
{Heap after GC invocations=4000 (full 5):
 PSYoungGen      total 3072K, used 840K [0x00000000d5580000, 0x00000000d5980000, 0x0000000100000000)
  eden space 2048K, 0% used [0x00000000d5580000,0x00000000d5580000,0x00000000d5780000)
  from space 1024K, 82% used [0x00000000d5880000,0x00000000d5952380,0x00000000d5980000)
  to   space 1024K, 0% used [0x00000000d5780000,0x00000000d5780000,0x00000000d5880000)
 ParOldGen       total 1336832K, used 1336808K [0x0000000080000000, 0x00000000d1980000, 0x00000000d5580000)
  object space 1336832K, 99% used [0x0000000080000000,0x00000000d197a2b8,0x00000000d1980000)
 Metaspace       used 77075K, committed 78400K, reserved 1179648K
  class space    used 7534K, committed 8128K, reserved 1048576K
}
Event: 8341.585 GC heap before
{Heap before GC invocations=4001 (full 5):
 PSYoungGen      total 3072K, used 2888K [0x00000000d5580000, 0x00000000d5980000, 0x0000000100000000)
  eden space 2048K, 100% used [0x00000000d5580000,0x00000000d5780000,0x00000000d5780000)
  from space 1024K, 82% used [0x00000000d5880000,0x00000000d5952380,0x00000000d5980000)
  to   space 1024K, 0% used [0x00000000d5780000,0x00000000d5780000,0x00000000d5880000)
 ParOldGen       total 1336832K, used 1336808K [0x0000000080000000, 0x00000000d1980000, 0x00000000d5580000)
  object space 1336832K, 99% used [0x0000000080000000,0x00000000d197a2b8,0x00000000d1980000)
 Metaspace       used 77075K, committed 78400K, reserved 1179648K
  class space    used 7534K, committed 8128K, reserved 1048576K
}
Event: 8341.595 GC heap after
{Heap after GC invocations=4001 (full 5):
 PSYoungGen      total 3072K, used 928K [0x00000000d5580000, 0x00000000d5980000, 0x0000000100000000)
  eden space 2048K, 0% used [0x00000000d5580000,0x00000000d5580000,0x00000000d5780000)
  from space 1024K, 90% used [0x00000000d5780000,0x00000000d5868020,0x00000000d5880000)
  to   space 1024K, 0% used [0x00000000d5880000,0x00000000d5880000,0x00000000d5980000)
 ParOldGen       total 1337856K, used 1337507K [0x0000000080000000, 0x00000000d1a80000, 0x00000000d5580000)
  object space 1337856K, 99% used [0x0000000080000000,0x00000000d1a28d78,0x00000000d1a80000)
 Metaspace       used 77075K, committed 78400K, reserved 1179648K
  class space    used 7534K, committed 8128K, reserved 1048576K
}
Event: 8341.787 GC heap before
{Heap before GC invocations=4002 (full 5):
 PSYoungGen      total 3072K, used 2976K [0x00000000d5580000, 0x00000000d5980000, 0x0000000100000000)
  eden space 2048K, 100% used [0x00000000d5580000,0x00000000d5780000,0x00000000d5780000)
  from space 1024K, 90% used [0x00000000d5780000,0x00000000d5868020,0x00000000d5880000)
  to   space 1024K, 0% used [0x00000000d5880000,0x00000000d5880000,0x00000000d5980000)
 ParOldGen       total 1337856K, used 1337507K [0x0000000080000000, 0x00000000d1a80000, 0x00000000d5580000)
  object space 1337856K, 99% used [0x0000000080000000,0x00000000d1a28d78,0x00000000d1a80000)
 Metaspace       used 77075K, committed 78400K, reserved 1179648K
  class space    used 7534K, committed 8128K, reserved 1048576K
}
Event: 8341.803 GC heap after
{Heap after GC invocations=4002 (full 5):
 PSYoungGen      total 3072K, used 768K [0x00000000d5580000, 0x00000000d5980000, 0x0000000100000000)
  eden space 2048K, 0% used [0x00000000d5580000,0x00000000d5580000,0x00000000d5780000)
  from space 1024K, 75% used [0x00000000d5880000,0x00000000d5940000,0x00000000d5980000)
  to   space 1024K, 0% used [0x00000000d5780000,0x00000000d5780000,0x00000000d5880000)
 ParOldGen       total 1338368K, used 1338307K [0x0000000080000000, 0x00000000d1b00000, 0x00000000d5580000)
  object space 1338368K, 99% used [0x0000000080000000,0x00000000d1af0d98,0x00000000d1b00000)
 Metaspace       used 77075K, committed 78400K, reserved 1179648K
  class space    used 7534K, committed 8128K, reserved 1048576K
}
Event: 8342.388 GC heap before
{Heap before GC invocations=4003 (full 5):
 PSYoungGen      total 3072K, used 2816K [0x00000000d5580000, 0x00000000d5980000, 0x0000000100000000)
  eden space 2048K, 100% used [0x00000000d5580000,0x00000000d5780000,0x00000000d5780000)
  from space 1024K, 75% used [0x00000000d5880000,0x00000000d5940000,0x00000000d5980000)
  to   space 1024K, 0% used [0x00000000d5780000,0x00000000d5780000,0x00000000d5880000)
 ParOldGen       total 1338368K, used 1338307K [0x0000000080000000, 0x00000000d1b00000, 0x00000000d5580000)
  object space 1338368K, 99% used [0x0000000080000000,0x00000000d1af0d98,0x00000000d1b00000)
 Metaspace       used 77077K, committed 78400K, reserved 1179648K
  class space    used 7534K, committed 8128K, reserved 1048576K
}
Event: 8342.400 GC heap after
{Heap after GC invocations=4003 (full 5):
 PSYoungGen      total 3072K, used 889K [0x00000000d5580000, 0x00000000d5980000, 0x0000000100000000)
  eden space 2048K, 0% used [0x00000000d5580000,0x00000000d5580000,0x00000000d5780000)
  from space 1024K, 86% used [0x00000000d5780000,0x00000000d585e4a0,0x00000000d5880000)
  to   space 1024K, 0% used [0x00000000d5880000,0x00000000d5880000,0x00000000d5980000)
 ParOldGen       total 1339392K, used 1338931K [0x0000000080000000, 0x00000000d1c00000, 0x00000000d5580000)
  object space 1339392K, 99% used [0x0000000080000000,0x00000000d1b8cd98,0x00000000d1c00000)
 Metaspace       used 77077K, committed 78400K, reserved 1179648K
  class space    used 7534K, committed 8128K, reserved 1048576K
}
Event: 8342.810 GC heap before
{Heap before GC invocations=4004 (full 5):
 PSYoungGen      total 3072K, used 2937K [0x00000000d5580000, 0x00000000d5980000, 0x0000000100000000)
  eden space 2048K, 100% used [0x00000000d5580000,0x00000000d5780000,0x00000000d5780000)
  from space 1024K, 86% used [0x00000000d5780000,0x00000000d585e4a0,0x00000000d5880000)
  to   space 1024K, 0% used [0x00000000d5880000,0x00000000d5880000,0x00000000d5980000)
 ParOldGen       total 1339392K, used 1338931K [0x0000000080000000, 0x00000000d1c00000, 0x00000000d5580000)
  object space 1339392K, 99% used [0x0000000080000000,0x00000000d1b8cd98,0x00000000d1c00000)
 Metaspace       used 77077K, committed 78400K, reserved 1179648K
  class space    used 7534K, committed 8128K, reserved 1048576K
}
Event: 8342.820 GC heap after
{Heap after GC invocations=4004 (full 5):
 PSYoungGen      total 3072K, used 736K [0x00000000d5580000, 0x00000000d5980000, 0x0000000100000000)
  eden space 2048K, 0% used [0x00000000d5580000,0x00000000d5580000,0x00000000d5780000)
  from space 1024K, 71% used [0x00000000d5880000,0x00000000d5938000,0x00000000d5980000)
  to   space 1024K, 0% used [0x00000000d5780000,0x00000000d5780000,0x00000000d5880000)
 ParOldGen       total 1339904K, used 1339671K [0x0000000080000000, 0x00000000d1c80000, 0x00000000d5580000)
  object space 1339904K, 99% used [0x0000000080000000,0x00000000d1c45e20,0x00000000d1c80000)
 Metaspace       used 77077K, committed 78400K, reserved 1179648K
  class space    used 7534K, committed 8128K, reserved 1048576K
}
Event: 8342.951 GC heap before
{Heap before GC invocations=4005 (full 5):
 PSYoungGen      total 3072K, used 2784K [0x00000000d5580000, 0x00000000d5980000, 0x0000000100000000)
  eden space 2048K, 100% used [0x00000000d5580000,0x00000000d5780000,0x00000000d5780000)
  from space 1024K, 71% used [0x00000000d5880000,0x00000000d5938000,0x00000000d5980000)
  to   space 1024K, 0% used [0x00000000d5780000,0x00000000d5780000,0x00000000d5880000)
 ParOldGen       total 1339904K, used 1339671K [0x0000000080000000, 0x00000000d1c80000, 0x00000000d5580000)
  object space 1339904K, 99% used [0x0000000080000000,0x00000000d1c45e20,0x00000000d1c80000)
 Metaspace       used 77078K, committed 78400K, reserved 1179648K
  class space    used 7534K, committed 8128K, reserved 1048576K
}
Event: 8342.961 GC heap after
{Heap after GC invocations=4005 (full 5):
 PSYoungGen      total 3072K, used 772K [0x00000000d5580000, 0x00000000d5980000, 0x0000000100000000)
  eden space 2048K, 0% used [0x00000000d5580000,0x00000000d5580000,0x00000000d5780000)
  from space 1024K, 75% used [0x00000000d5780000,0x00000000d5841268,0x00000000d5880000)
  to   space 1024K, 0% used [0x00000000d5880000,0x00000000d5880000,0x00000000d5980000)
 ParOldGen       total 1340416K, used 1340279K [0x0000000080000000, 0x00000000d1d00000, 0x00000000d5580000)
  object space 1340416K, 99% used [0x0000000080000000,0x00000000d1cdde20,0x00000000d1d00000)
 Metaspace       used 77078K, committed 78400K, reserved 1179648K
  class space    used 7534K, committed 8128K, reserved 1048576K
}
Event: 8343.217 GC heap before
{Heap before GC invocations=4006 (full 5):
 PSYoungGen      total 3072K, used 2820K [0x00000000d5580000, 0x00000000d5980000, 0x0000000100000000)
  eden space 2048K, 100% used [0x00000000d5580000,0x00000000d5780000,0x00000000d5780000)
  from space 1024K, 75% used [0x00000000d5780000,0x00000000d5841268,0x00000000d5880000)
  to   space 1024K, 0% used [0x00000000d5880000,0x00000000d5880000,0x00000000d5980000)
 ParOldGen       total 1340416K, used 1340279K [0x0000000080000000, 0x00000000d1d00000, 0x00000000d5580000)
  object space 1340416K, 99% used [0x0000000080000000,0x00000000d1cdde20,0x00000000d1d00000)
 Metaspace       used 77078K, committed 78400K, reserved 1179648K
  class space    used 7534K, committed 8128K, reserved 1048576K
}
Event: 8343.229 GC heap after
{Heap after GC invocations=4006 (full 5):
 PSYoungGen      total 3072K, used 768K [0x00000000d5580000, 0x00000000d5980000, 0x0000000100000000)
  eden space 2048K, 0% used [0x00000000d5580000,0x00000000d5580000,0x00000000d5780000)
  from space 1024K, 75% used [0x00000000d5880000,0x00000000d5940000,0x00000000d5980000)
  to   space 1024K, 0% used [0x00000000d5780000,0x00000000d5780000,0x00000000d5880000)
 ParOldGen       total 1340928K, used 1340923K [0x0000000080000000, 0x00000000d1d80000, 0x00000000d5580000)
  object space 1340928K, 99% used [0x0000000080000000,0x00000000d1d7ec98,0x00000000d1d80000)
 Metaspace       used 77078K, committed 78400K, reserved 1179648K
  class space    used 7534K, committed 8128K, reserved 1048576K
}

